<?xml version="1.0" encoding="utf-8"?><testsuites><testsuite name="pytest" errors="0" failures="0" skipped="0" tests="109" time="2.272" timestamp="2024-09-15T22:13:12.997270+00:00" hostname="fv-az1776-414"><testcase classname="tests.do_api.test_a_records.TestGetARecords" name="test_single_page" time="0.039" /><testcase classname="tests.do_api.test_a_records.TestGetARecords" name="test_no_existing_a_records" time="0.013" /><testcase classname="tests.do_api.test_a_records.TestGetARecords" name="test_multiple_pages" time="0.016" /><testcase classname="tests.do_api.test_a_records.TestGetARecords" name="test_invalid_responses[invalid-top-domain]" time="0.014" /><testcase classname="tests.do_api.test_a_records.TestGetARecords" name="test_invalid_responses[unauthorized]" time="0.013" /><testcase classname="tests.do_api.test_a_records.TestGetARecords" name="test_invalid_responses[too_many_requests]" time="0.013" /><testcase classname="tests.do_api.test_a_records.TestGetARecords" name="test_invalid_responses[server_error]" time="0.012" /><testcase classname="tests.do_api.test_a_records.TestGetARecordsByName" name="test_single_page" time="0.013" /><testcase classname="tests.do_api.test_a_records.TestGetARecordsByName" name="test_no_matching_a_records" time="0.012" /><testcase classname="tests.do_api.test_a_records.TestGetARecordsByName" name="test_multiple_pages" time="0.016" /><testcase classname="tests.do_api.test_a_records.TestGetARecordsByName" name="test_invalid_responses[invalid-top-domain]" time="0.013" /><testcase classname="tests.do_api.test_a_records.TestGetARecordsByName" name="test_invalid_responses[unauthorized]" time="0.014" /><testcase classname="tests.do_api.test_a_records.TestGetARecordsByName" name="test_invalid_responses[too_many_requests]" time="0.017" /><testcase classname="tests.do_api.test_a_records.TestGetARecordsByName" name="test_invalid_responses[server_error]" time="0.017" /><testcase classname="tests.do_api.test_a_records.TestCreateARecord" name="test_A_record_creation[short-subdomain]" time="0.018" /><testcase classname="tests.do_api.test_a_records.TestCreateARecord" name="test_A_record_creation[long-subdomain]" time="0.014" /><testcase classname="tests.do_api.test_a_records.TestCreateARecord" name="test_invalid_api_responses[invalid-top-domain]" time="0.013" /><testcase classname="tests.do_api.test_a_records.TestCreateARecord" name="test_invalid_api_responses[unauthorized]" time="0.013" /><testcase classname="tests.do_api.test_a_records.TestCreateARecord" name="test_invalid_api_responses[too_many_requests]" time="0.017" /><testcase classname="tests.do_api.test_a_records.TestCreateARecord" name="test_invalid_api_responses[server_error]" time="0.011" /><testcase classname="tests.do_api.test_a_records.TestCreateARecord" name="test_non_simple_chars_in_domain_name[bad-domain]" time="0.003" /><testcase classname="tests.do_api.test_a_records.TestCreateARecord" name="test_non_simple_chars_in_domain_name[bad-subdomain]" time="0.002" /><testcase classname="tests.do_api.test_a_records.TestCreateARecord" name="test_non_simple_chars_in_domain_name[both-bad]" time="0.002" /><testcase classname="tests.do_api.test_a_records.TestGetARecord" name="test_A_record_lookup" time="0.012" /><testcase classname="tests.do_api.test_a_records.TestGetARecord" name="test_invalid_api_responses[invalid-top-domain]" time="0.012" /><testcase classname="tests.do_api.test_a_records.TestGetARecord" name="test_invalid_api_responses[unauthorized]" time="0.013" /><testcase classname="tests.do_api.test_a_records.TestGetARecord" name="test_invalid_api_responses[too_many_requests]" time="0.013" /><testcase classname="tests.do_api.test_a_records.TestGetARecord" name="test_invalid_api_responses[server_error]" time="0.012" /><testcase classname="tests.do_api.test_a_records.TestUpdateARecord" name="test_update_A_record" time="0.014" /><testcase classname="tests.do_api.test_a_records.TestUpdateARecord" name="test_invalid_api_responses[invalid-top-domain]" time="0.012" /><testcase classname="tests.do_api.test_a_records.TestUpdateARecord" name="test_invalid_api_responses[unauthorized]" time="0.012" /><testcase classname="tests.do_api.test_a_records.TestUpdateARecord" name="test_invalid_api_responses[too_many_requests]" time="0.015" /><testcase classname="tests.do_api.test_a_records.TestUpdateARecord" name="test_invalid_api_responses[server_error]" time="0.012" /><testcase classname="tests.do_api.test_domains.TestGetAllDomains" name="test_no_upstream_domains" time="0.013" /><testcase classname="tests.do_api.test_domains.TestGetAllDomains" name="test_single_page_of_domains" time="0.011" /><testcase classname="tests.do_api.test_domains.TestGetAllDomains" name="test_multiple_pages_of_domains" time="0.012" /><testcase classname="tests.do_api.test_domains.TestGetAllDomains" name="test_invalid_responses[unauthorized]" time="0.013" /><testcase classname="tests.do_api.test_domains.TestGetAllDomains" name="test_invalid_responses[too_many_requests]" time="0.012" /><testcase classname="tests.do_api.test_domains.TestGetAllDomains" name="test_invalid_responses[server_error]" time="0.012" /><testcase classname="tests.do_api.test_domains.TestVerifyDomainIsRegistered" name="test_valid_domain" time="0.013" /><testcase classname="tests.do_api.test_domains.TestVerifyDomainIsRegistered" name="test_missing_domain" time="0.013" /><testcase classname="tests.do_api.test_domains.TestVerifyDomainIsRegistered" name="test_handle_DO_documented_error_responses[unauthorized]" time="0.012" /><testcase classname="tests.do_api.test_domains.TestVerifyDomainIsRegistered" name="test_handle_DO_documented_error_responses[too_many_requests]" time="0.012" /><testcase classname="tests.do_api.test_domains.TestVerifyDomainIsRegistered" name="test_handle_DO_documented_error_responses[server_error]" time="0.012" /><testcase classname="tests.domains.test_manage_domains.TestManageDomain" name="test_manage_domain_empty_db" time="0.031" /><testcase classname="tests.domains.test_manage_domains.TestManageDomain" name="test_manage_domain_already_in_db" time="0.014" /><testcase classname="tests.domains.test_manage_domains" name="test_manage_all_existing_A_records[no-a-records]" time="0.004" /><testcase classname="tests.domains.test_manage_domains" name="test_manage_all_existing_A_records[two-a-records]" time="0.004" /><testcase classname="tests.domains.test_show_domains.TestListAllDomains" name="test_no_upstream_domains" time="0.017" /><testcase classname="tests.domains.test_show_domains.TestListAllDomains" name="test_list_upstream_domains_output" time="0.018" /><testcase classname="tests.domains.test_unmanage_domains.TestUnManageDomain" name="test_domain_not_in_db" time="0.012" /><testcase classname="tests.domains.test_unmanage_domains.TestUnManageDomain" name="test_side_effects[no-managed-subs]" time="0.014" /><testcase classname="tests.domains.test_unmanage_domains.TestUnManageDomain" name="test_side_effects[all-managed-subs]" time="0.024" /><testcase classname="tests.domains.test_unmanage_domains.TestUnManageDomain" name="test_side_effects[mixed-subs]" time="0.015" /><testcase classname="tests.subdomains.test_list_subdomains" name="test_domain_not_registered" time="0.012" /><testcase classname="tests.subdomains.test_list_subdomains.TestDomainNotManaged" name="test_unmanaged_A_records" time="0.017" /><testcase classname="tests.subdomains.test_list_subdomains.TestDomainNotManaged" name="test_no_registered_A_records" time="0.012" /><testcase classname="tests.subdomains.test_list_subdomains.TestManagedDomain" name="test_no_A_records_registered" time="0.016" /><testcase classname="tests.subdomains.test_list_subdomains.TestManagedDomain" name="test_only_unmanaged_A_records" time="0.020" /><testcase classname="tests.subdomains.test_list_subdomains.TestManagedDomain" name="test_mix_managed_unmanaged_A_records" time="0.029" /><testcase classname="tests.subdomains.test_list_subdomains.TestManagedDomain" name="test_all_managed_A_records" time="0.029" /><testcase classname="tests.subdomains.test_manage_subdomain" name="test_top_domain_not_managed[full-sub-domain]" time="0.006" /><testcase classname="tests.subdomains.test_manage_subdomain" name="test_top_domain_not_managed[short-sub-domain]" time="0.006" /><testcase classname="tests.subdomains.test_manage_subdomain" name="test_side_effects[full-sub-domain]" time="0.017" /><testcase classname="tests.subdomains.test_manage_subdomain" name="test_side_effects[short-sub-domain]" time="0.018" /><testcase classname="tests.subdomains.test_manage_subdomain" name="test_claim_existing_A_record[full-sub-domain]" time="0.020" /><testcase classname="tests.subdomains.test_manage_subdomain" name="test_claim_existing_A_record[short-sub-domain]" time="0.018" /><testcase classname="tests.subdomains.test_manage_subdomain" name="test_subdomain_already_managed[full-sub-domain]" time="0.012" /><testcase classname="tests.subdomains.test_manage_subdomain" name="test_subdomain_already_managed[short-sub-domain]" time="0.012" /><testcase classname="tests.subdomains.test_manage_subdomain" name="test_non_simple_chars_in_domain_name" time="0.002" /><testcase classname="tests.subdomains.test_un_manage_subdomain" name="test_top_domain_not_managed[full-sub-domain]" time="0.003" /><testcase classname="tests.subdomains.test_un_manage_subdomain" name="test_top_domain_not_managed[short-sub-domain]" time="0.002" /><testcase classname="tests.subdomains.test_un_manage_subdomain" name="test_side_effects[full-sub-domain]" time="0.015" /><testcase classname="tests.subdomains.test_un_manage_subdomain" name="test_side_effects[short-sub-domain]" time="0.021" /><testcase classname="tests.subdomains.test_un_manage_subdomain" name="test_subdomain_not_managed[full-sub-domain]" time="0.010" /><testcase classname="tests.subdomains.test_un_manage_subdomain" name="test_subdomain_not_managed[short-sub-domain]" time="0.013" /><testcase classname="tests.subdomains.test_un_manage_subdomain" name="test_non_simple_chars_in_domain_name" time="0.002" /><testcase classname="tests.subdomains.test_update_managed_subdomains.TestUpdateAllManagedSubdomains" name="test_no_configured_subdomains" time="0.012" /><testcase classname="tests.subdomains.test_update_managed_subdomains.TestUpdateAllManagedSubdomains" name="test_no_currently_managed_subdomains" time="0.026" /><testcase classname="tests.subdomains.test_update_managed_subdomains.TestUpdateAllManagedSubdomains" name="test_all_current" time="0.029" /><testcase classname="tests.subdomains.test_update_managed_subdomains.TestUpdateAllManagedSubdomains" name="test_partial_update" time="0.029" /><testcase classname="tests.subdomains.test_update_managed_subdomains.TestUpdateAllManagedSubdomains" name="test_all_need_update" time="0.028" /><testcase classname="tests.subdomains.test_update_managed_subdomains.TestUpdateAllManagedSubdomains" name="test_force_update" time="0.032" /><testcase classname="tests.test_api_key_helpers.TestApiKeyStorage" name="test_lookup_no_api_key" time="0.009" /><testcase classname="tests.test_api_key_helpers.TestApiKeyStorage" name="test_store_retrieve_api_key" time="0.010" /><testcase classname="tests.test_api_key_helpers.TestApiKeyStorage" name="test_update_api_key" time="0.014" /><testcase classname="tests.test_api_key_helpers.TestApiKeyStorage" name="test_env_var_precedence" time="0.008" /><testcase classname="tests.test_constants.TestAppDataHome" name="test_XDG_DATA_HOME_set[linux]" time="0.002" /><testcase classname="tests.test_constants.TestAppDataHome" name="test_XDG_DATA_HOME_set[darwin]" time="0.002" /><testcase classname="tests.test_constants.TestAppDataHome" name="test_default_data_home_dir[linux]" time="0.002" /><testcase classname="tests.test_constants.TestAppDataHome" name="test_default_data_home_dir[darwin]" time="0.002" /><testcase classname="tests.test_constants.TestAppDataHome" name="test_unsupported_platforms_raise[Windows]" time="0.003" /><testcase classname="tests.test_constants.TestAppDataHome" name="test_unsupported_platforms_raise[Unknown]" time="0.004" /><testcase classname="tests.test_info.TestShowInfo" name="test_user_output" time="0.013" /><testcase classname="tests.test_ip.TestConfigIPServer" name="test_no_upstream_configured" time="0.010" /><testcase classname="tests.test_ip.TestConfigIPServer" name="test_update_ip_server" time="0.012" /><testcase classname="tests.test_ip.TestConfigIPServer" name="test_ip_6_not_supported" time="0.009" /><testcase classname="tests.test_ip.TestGetIP" name="test_no_upstream_ip_resolver" time="0.008" /><testcase classname="tests.test_ip.TestGetIP" name="test_http_error_in_ip_lookup" time="0.013" /><testcase classname="tests.test_ip.TestGetIP" name="test_return_public_ip" time="0.012" /><testcase classname="tests.test_ip.TestViewUpdateIPServer" name="test_output_no_config" time="0.018" /><testcase classname="tests.test_ip.TestViewUpdateIPServer" name="test_output_ip_server_configured" time="0.017" /><testcase classname="tests.test_ip.TestViewUpdateIPServer" name="test_config_and_output_ip_server" time="0.016" /><testcase classname="tests.test_manage.TestMartialManage" name="test_list_subdomains" time="0.014" /><testcase classname="tests.test_manage.TestMartialManage" name="test_manage_entire_domain" time="0.014" /><testcase classname="tests.test_manage.TestMartialManage" name="test_manage_specific_subdomain" time="0.014" /><testcase classname="tests.test_manage.TestMartialUnManage" name="test_list_subdomains" time="0.013" /><testcase classname="tests.test_manage.TestMartialUnManage" name="test_un_manage_entire_domain" time="0.014" /><testcase classname="tests.test_manage.TestMartialUnManage" name="test_un_manage_specific_subdomain" time="0.017" /></testsuite></testsuites>